This is pdfTeX, Version 3.14159265-2.6-1.40.18 (TeX Live 2017/Debian) (preloaded format=pdflatex 2019.2.4)  25 FEB 2019 13:49
entering extended mode
 restricted \write18 enabled.
 file:line:error style messages enabled.
 %&-line parsing enabled.
**/home/acp16hh/Projects/Research/Experiments/Exp_Elly_Human_Evaluation/Paper/ACL-2019-Hardy-/acl2019.tex
(/home/acp16hh/Projects/Research/Experiments/Exp_Elly_Human_Evaluation/Paper/ACL-2019-Hardy-/acl2019.tex
LaTeX2e <2017-04-15>
Babel <3.18> and hyphenation patterns for 84 language(s) loaded.
(/usr/share/texlive/texmf-dist/tex/latex/base/article.cls
Document Class: article 2014/09/29 v1.4h Standard LaTeX document class
(/usr/share/texlive/texmf-dist/tex/latex/base/size11.clo
File: size11.clo 2014/09/29 v1.4h Standard LaTeX file (size option)
)
\c@part=\count79
\c@section=\count80
\c@subsection=\count81
\c@subsubsection=\count82
\c@paragraph=\count83
\c@subparagraph=\count84
\c@figure=\count85
\c@table=\count86
\abovecaptionskip=\skip41
\belowcaptionskip=\skip42
\bibindent=\dimen102
) (/home/acp16hh/Projects/Research/Experiments/Exp_Elly_Human_Evaluation/Paper/ACL-2019-Hardy-/acl2019.sty (/usr/share/texlive/texmf-dist/tex/latex/hyperref/hyperref.sty
Package: hyperref 2018/02/06 v6.86b Hypertext links for LaTeX
 (/usr/share/texlive/texmf-dist/tex/generic/oberdiek/hobsub-hyperref.sty
Package: hobsub-hyperref 2016/05/16 v1.14 Bundle oberdiek, subset hyperref (HO)
 (/usr/share/texlive/texmf-dist/tex/generic/oberdiek/hobsub-generic.sty
Package: hobsub-generic 2016/05/16 v1.14 Bundle oberdiek, subset generic (HO)
Package: hobsub 2016/05/16 v1.14 Construct package bundles (HO)
Package: infwarerr 2016/05/16 v1.4 Providing info/warning/error messages (HO)
Package: ltxcmds 2016/05/16 v1.23 LaTeX kernel commands for general use (HO)
Package: ifluatex 2016/05/16 v1.4 Provides the ifluatex switch (HO)
Package ifluatex Info: LuaTeX not detected.
Package: ifvtex 2016/05/16 v1.6 Detect VTeX and its facilities (HO)
Package ifvtex Info: VTeX not detected.
Package: intcalc 2016/05/16 v1.2 Expandable calculations with integers (HO)
Package: ifpdf 2017/03/15 v3.2 Provides the ifpdf switch
Package: etexcmds 2016/05/16 v1.6 Avoid name clashes with e-TeX commands (HO)
Package etexcmds Info: Could not find \expanded.
(etexcmds)             That can mean that you are not using pdfTeX 1.50 or
(etexcmds)             that some package has redefined \expanded.
(etexcmds)             In the latter case, load this package earlier.
Package: kvsetkeys 2016/05/16 v1.17 Key value parser (HO)
Package: kvdefinekeys 2016/05/16 v1.4 Define keys (HO)
Package: pdftexcmds 2018/01/21 v0.26 Utility functions of pdfTeX for LuaTeX (HO)
Package pdftexcmds Info: LuaTeX not detected.
Package pdftexcmds Info: \pdf@primitive is available.
Package pdftexcmds Info: \pdf@ifprimitive is available.
Package pdftexcmds Info: \pdfdraftmode found.
Package: pdfescape 2016/05/16 v1.14 Implements pdfTeX's escape features (HO)
Package: bigintcalc 2016/05/16 v1.4 Expandable calculations on big integers (HO)
Package: bitset 2016/05/16 v1.2 Handle bit-vector datatype (HO)
Package: uniquecounter 2016/05/16 v1.3 Provide unlimited unique counter (HO)
)
Package hobsub Info: Skipping package `hobsub' (already loaded).
Package: letltxmacro 2016/05/16 v1.5 Let assignment for LaTeX macros (HO)
Package: hopatch 2016/05/16 v1.3 Wrapper for package hooks (HO)
Package: xcolor-patch 2016/05/16 xcolor patch
Package: atveryend 2016/05/16 v1.9 Hooks at the very end of document (HO)
Package atveryend Info: \enddocument detected (standard20110627).
Package: atbegshi 2016/06/09 v1.18 At begin shipout hook (HO)
Package: refcount 2016/05/16 v3.5 Data extraction from label references (HO)
Package: hycolor 2016/05/16 v1.8 Color options for hyperref/bookmark (HO)
) (/usr/share/texlive/texmf-dist/tex/latex/graphics/keyval.sty
Package: keyval 2014/10/28 v1.15 key=value parser (DPC)
\KV@toks@=\toks14
) (/usr/share/texlive/texmf-dist/tex/generic/ifxetex/ifxetex.sty
Package: ifxetex 2010/09/12 v0.6 Provides ifxetex conditional
) (/usr/share/texlive/texmf-dist/tex/latex/oberdiek/auxhook.sty
Package: auxhook 2016/05/16 v1.4 Hooks for auxiliary files (HO)
) (/usr/share/texlive/texmf-dist/tex/latex/oberdiek/kvoptions.sty
Package: kvoptions 2016/05/16 v3.12 Key value format for package options (HO)
)
\@linkdim=\dimen103
\Hy@linkcounter=\count87
\Hy@pagecounter=\count88
 (/usr/share/texlive/texmf-dist/tex/latex/hyperref/pd1enc.def
File: pd1enc.def 2018/02/06 v6.86b Hyperref: PDFDocEncoding definition (HO)
)
\Hy@SavedSpaceFactor=\count89
 (/usr/share/texlive/texmf-dist/tex/latex/latexconfig/hyperref.cfg
File: hyperref.cfg 2002/06/06 v1.2 hyperref configuration of TeXLive
)
Package hyperref Info: Hyper figures OFF on input line 4509.
Package hyperref Info: Link nesting OFF on input line 4514.
Package hyperref Info: Hyper index ON on input line 4517.
Package hyperref Info: Plain pages OFF on input line 4524.
Package hyperref Info: Backreferencing OFF on input line 4529.
Package hyperref Info: Implicit mode ON; LaTeX internals redefined.
Package hyperref Info: Bookmarks ON on input line 4762.
\c@Hy@tempcnt=\count90
 (/usr/share/texlive/texmf-dist/tex/latex/url/url.sty
\Urlmuskip=\muskip10
Package: url 2013/09/16  ver 3.4  Verb mode for urls, etc.
)
LaTeX Info: Redefining \url on input line 5115.
\XeTeXLinkMargin=\dimen104
\Fld@menulength=\count91
\Field@Width=\dimen105
\Fld@charsize=\dimen106
Package hyperref Info: Hyper figures OFF on input line 6369.
Package hyperref Info: Link nesting OFF on input line 6374.
Package hyperref Info: Hyper index ON on input line 6377.
Package hyperref Info: backreferencing OFF on input line 6384.
Package hyperref Info: Link coloring OFF on input line 6389.
Package hyperref Info: Link coloring with OCG OFF on input line 6394.
Package hyperref Info: PDF/A mode OFF on input line 6399.
LaTeX Info: Redefining \ref on input line 6439.
LaTeX Info: Redefining \pageref on input line 6443.
\Hy@abspage=\count92
\c@Item=\count93
\c@Hfootnote=\count94
)
Package hyperref Info: Driver (autodetected): hpdftex.
 (/usr/share/texlive/texmf-dist/tex/latex/hyperref/hpdftex.def
File: hpdftex.def 2018/02/06 v6.86b Hyperref driver for pdfTeX
\Fld@listcount=\count95
\c@bookmark@seq@number=\count96
 (/usr/share/texlive/texmf-dist/tex/latex/oberdiek/rerunfilecheck.sty
Package: rerunfilecheck 2016/05/16 v1.8 Rerun checks for auxiliary files (HO)
Package uniquecounter Info: New unique counter `rerunfilecheck' on input line 282.
)
\Hy@SectionHShift=\skip43
) (/usr/share/texlive/texmf-dist/tex/latex/xcolor/xcolor.sty
Package: xcolor 2016/05/11 v2.12 LaTeX color extensions (UK)
 (/usr/share/texlive/texmf-dist/tex/latex/graphics-cfg/color.cfg
File: color.cfg 2016/01/02 v1.6 sample color configuration
)
Package xcolor Info: Driver file: pdftex.def on input line 225.
 (/usr/share/texlive/texmf-dist/tex/latex/graphics-def/pdftex.def
File: pdftex.def 2018/01/08 v1.0l Graphics/color driver for pdftex
)
Package xcolor Info: Model `cmy' substituted by `cmy0' on input line 1348.
Package xcolor Info: Model `hsb' substituted by `rgb' on input line 1352.
Package xcolor Info: Model `RGB' extended on input line 1364.
Package xcolor Info: Model `HTML' substituted by `rgb' on input line 1366.
Package xcolor Info: Model `Hsb' substituted by `hsb' on input line 1367.
Package xcolor Info: Model `tHsb' substituted by `hsb' on input line 1368.
Package xcolor Info: Model `HSB' substituted by `hsb' on input line 1369.
Package xcolor Info: Model `Gray' substituted by `gray' on input line 1370.
Package xcolor Info: Model `wave' substituted by `hsb' on input line 1371.
)
Package hyperref Info: Option `colorlinks' set `true' on input line 105.

Conference Style for ACL 2019
\titlebox=\skip44
\aclrulerbox=\box26
\aclrulercount=\count97
\aclruleroffset=\dimen107
\cv@lineheight=\dimen108
\cv@boxheight=\dimen109
\cv@tmpbox=\box27
\cv@refno=\count98
\cv@tot=\count99
\cv@tmpc@=\count100
\cv@tmpc=\count101
(/usr/share/texlive/texmf-dist/tex/latex/caption/caption.sty
Package: caption 2016/02/21 v3.3-144 Customizing captions (AR)
 (/usr/share/texlive/texmf-dist/tex/latex/caption/caption3.sty
Package: caption3 2016/05/22 v1.7-166 caption3 kernel (AR)
Package caption3 Info: TeX engine: e-TeX on input line 67.
\captionmargin=\dimen110
\captionmargin@=\dimen111
\captionwidth=\dimen112
\caption@tempdima=\dimen113
\caption@indent=\dimen114
\caption@parindent=\dimen115
\caption@hangindent=\dimen116
)
\c@ContinuedFloat=\count102
Package caption Info: hyperref package is loaded.
) (/usr/share/texlive/texmf-dist/tex/latex/natbib/natbib.sty
Package: natbib 2010/09/13 8.31b (PWD, AO)
\bibhang=\skip45
\bibsep=\skip46
LaTeX Info: Redefining \cite on input line 694.
\c@NAT@ctr=\count103
) (/home/acp16hh/texmf/tex/latex/etoolbox/etoolbox.sty
Package: etoolbox 2015/08/02 v2.2a e-TeX tools for LaTeX (JAW)
\etb@tempcnta=\count104
)) (/usr/share/texlive/texmf-dist/tex/latex/psnfss/times.sty
Package: times 2005/04/12 PSNFSS-v9.2a (SPQR) 
) (/usr/share/texlive/texmf-dist/tex/latex/base/latexsym.sty
Package: latexsym 1998/08/17 v2.2e Standard LaTeX package (lasy symbols)
\symlasy=\mathgroup4
LaTeX Font Info:    Overwriting symbol font `lasy' in version `bold'
(Font)                  U/lasy/m/n --> U/lasy/b/n on input line 52.
) (/usr/share/texlive/texmf-dist/tex/latex/graphics/graphicx.sty
Package: graphicx 2017/06/01 v1.1a Enhanced LaTeX Graphics (DPC,SPQR)
 (/usr/share/texlive/texmf-dist/tex/latex/graphics/graphics.sty
Package: graphics 2017/06/25 v1.2c Standard LaTeX Graphics (DPC,SPQR)
 (/usr/share/texlive/texmf-dist/tex/latex/graphics/trig.sty
Package: trig 2016/01/03 v1.10 sin cos tan (DPC)
) (/usr/share/texlive/texmf-dist/tex/latex/graphics-cfg/graphics.cfg
File: graphics.cfg 2016/06/04 v1.11 sample graphics configuration
)
Package graphics Info: Driver file: pdftex.def on input line 99.
)
\Gin@req@height=\dimen117
\Gin@req@width=\dimen118
) (/home/acp16hh/Projects/Research/Experiments/Exp_Elly_Human_Evaluation/Paper/ACL-2019-Hardy-/acl2019.aux)
\openout1 = `acl2019.aux'.

LaTeX Font Info:    Checking defaults for OML/cmm/m/it on input line 49.
LaTeX Font Info:    ... okay on input line 49.
LaTeX Font Info:    Checking defaults for T1/cmr/m/n on input line 49.
LaTeX Font Info:    ... okay on input line 49.
LaTeX Font Info:    Checking defaults for OT1/cmr/m/n on input line 49.
LaTeX Font Info:    ... okay on input line 49.
LaTeX Font Info:    Checking defaults for OMS/cmsy/m/n on input line 49.
LaTeX Font Info:    ... okay on input line 49.
LaTeX Font Info:    Checking defaults for OMX/cmex/m/n on input line 49.
LaTeX Font Info:    ... okay on input line 49.
LaTeX Font Info:    Checking defaults for U/cmr/m/n on input line 49.
LaTeX Font Info:    ... okay on input line 49.
LaTeX Font Info:    Checking defaults for PD1/pdf/m/n on input line 49.
LaTeX Font Info:    ... okay on input line 49.
LaTeX Font Info:    Try loading font information for OT1+ptm on input line 49.
 (/usr/share/texlive/texmf-dist/tex/latex/psnfss/ot1ptm.fd
File: ot1ptm.fd 2001/06/04 font definitions for OT1/ptm.
)
\AtBeginShipoutBox=\box28
Package hyperref Info: Link coloring ON on input line 49.
 (/usr/share/texlive/texmf-dist/tex/latex/hyperref/nameref.sty
Package: nameref 2016/05/21 v2.44 Cross-referencing by name of section
 (/usr/share/texlive/texmf-dist/tex/generic/oberdiek/gettitlestring.sty
Package: gettitlestring 2016/05/16 v1.5 Cleanup title references (HO)
)
\c@section@level=\count105
)
LaTeX Info: Redefining \ref on input line 49.
LaTeX Info: Redefining \pageref on input line 49.
LaTeX Info: Redefining \nameref on input line 49.
 (/home/acp16hh/Projects/Research/Experiments/Exp_Elly_Human_Evaluation/Paper/ACL-2019-Hardy-/acl2019.out) (/home/acp16hh/Projects/Research/Experiments/Exp_Elly_Human_Evaluation/Paper/ACL-2019-Hardy-/acl2019.out)
\@outlinefile=\write3
\openout3 = `acl2019.out'.

 (/usr/share/texlive/texmf-dist/tex/context/base/mkii/supp-pdf.mkii
[Loading MPS to PDF converter (version 2006.09.02).]
\scratchcounter=\count106
\scratchdimen=\dimen119
\scratchbox=\box29
\nofMPsegments=\count107
\nofMParguments=\count108
\everyMPshowfont=\toks15
\MPscratchCnt=\count109
\MPscratchDim=\dimen120
\MPnumerator=\count110
\makeMPintoPDFobject=\count111
\everyMPtoPDFconversion=\toks16
) (/usr/share/texlive/texmf-dist/tex/latex/oberdiek/epstopdf-base.sty
Package: epstopdf-base 2016/05/15 v2.6 Base part for package epstopdf
 (/usr/share/texlive/texmf-dist/tex/latex/oberdiek/grfext.sty
Package: grfext 2016/05/16 v1.2 Manage graphics extensions (HO)
)
Package epstopdf-base Info: Redefining graphics rule for `.eps' on input line 438.
Package grfext Info: Graphics extension search list:
(grfext)             [.pdf,.png,.jpg,.mps,.jpeg,.jbig2,.jb2,.PDF,.PNG,.JPG,.JPEG,.JBIG2,.JB2,.eps]
(grfext)             \AppendGraphicsExtensions on input line 456.
 (/usr/share/texlive/texmf-dist/tex/latex/latexconfig/epstopdf-sys.cfg
File: epstopdf-sys.cfg 2010/07/13 v1.3 Configuration of (r)epstopdf for TeX Live
)) ABD: EveryShipout initializing macros
Package caption Info: Begin \AtBeginDocument code.
Package caption Info: End \AtBeginDocument code.
LaTeX Font Info:    Font shape `OT1/ptm/bx/n' in size <14.4> not available
(Font)              Font shape `OT1/ptm/b/n' tried instead on input line 50.
LaTeX Font Info:    External font `cmex10' loaded for size
(Font)              <12> on input line 50.
LaTeX Font Info:    External font `cmex10' loaded for size
(Font)              <8> on input line 50.
LaTeX Font Info:    External font `cmex10' loaded for size
(Font)              <6> on input line 50.
LaTeX Font Info:    Try loading font information for U+lasy on input line 50.
 (/usr/share/texlive/texmf-dist/tex/latex/base/ulasy.fd
File: ulasy.fd 1998/08/17 v2.2e LaTeX symbol font definitions
)
LaTeX Font Info:    Font shape `OT1/ptm/bx/n' in size <12> not available
(Font)              Font shape `OT1/ptm/b/n' tried instead on input line 50.
LaTeX Font Info:    External font `cmex10' loaded for size
(Font)              <10.95> on input line 73.
 [1{/var/lib/texmf/fonts/map/pdftex/updmap/pdftex.map}



]
LaTeX Font Info:    External font `cmex10' loaded for size
(Font)              <9> on input line 76.
LaTeX Font Info:    External font `cmex10' loaded for size
(Font)              <5> on input line 76.
LaTeX Font Info:    Try loading font information for OT1+pcr on input line 76.
 (/usr/share/texlive/texmf-dist/tex/latex/psnfss/ot1pcr.fd
File: ot1pcr.fd 2001/06/04 font definitions for OT1/pcr.
)
Overfull \hbox (3.10477pt too wide) in paragraph at lines 87--94
[][] 
 []


LaTeX Warning: `!h' float specifier changed to `!ht'.

LaTeX Font Info:    Font shape `OT1/ptm/bx/n' in size <10.95> not available
(Font)              Font shape `OT1/ptm/b/n' tried instead on input line 102.
[2]

LaTeX Warning: No positions in optional float specifier.
               Default added (so using `tbp') on input line 121.


LaTeX Warning: No positions in optional float specifier.
               Default added (so using `tbp') on input line 145.


Overfull \hbox (5.26743pt too wide) in paragraph at lines 152--152
[]\OT1/ptm/m/n/9 mean| 
 []


Overfull \hbox (3.17818pt too wide) in paragraph at lines 152--152
[]\OT1/ptm/m/n/9 67.90| 
 []


Overfull \hbox (3.17818pt too wide) in paragraph at lines 152--152
[]\OT1/ptm/m/n/9 56.83| 
 []


Overfull \hbox (3.17818pt too wide) in paragraph at lines 152--152
[]\OT1/ptm/m/n/9 55.25| 
 []


Overfull \hbox (3.17818pt too wide) in paragraph at lines 152--152
[]\OT1/ptm/m/n/9 66.01| 
 []


Overfull \hbox (3.17818pt too wide) in paragraph at lines 152--152
[]\OT1/ptm/m/n/9 52.45| 
 []


Overfull \hbox (3.17818pt too wide) in paragraph at lines 152--153
[]\OT1/ptm/m/n/9 50.67| 
 []


Overfull \hbox (3.17818pt too wide) in paragraph at lines 153--153
[]\OT1/ptm/m/n/9 25.36| 
 []


Overfull \hbox (3.17818pt too wide) in paragraph at lines 153--153
[]\OT1/ptm/m/n/9 26.26| 
 []


Overfull \hbox (3.17818pt too wide) in paragraph at lines 153--153
[]\OT1/ptm/m/n/9 25.43| 
 []


Overfull \hbox (3.17818pt too wide) in paragraph at lines 153--153
[]\OT1/ptm/m/n/9 26.36| 
 []


Overfull \hbox (3.17818pt too wide) in paragraph at lines 153--153
[]\OT1/ptm/m/n/9 29.18| 
 []


Overfull \hbox (3.17818pt too wide) in paragraph at lines 153--154
[]\OT1/ptm/m/n/9 25.28| 
 []


Overfull \hbox (5.26743pt too wide) in paragraph at lines 159--159
[]\OT1/ptm/m/n/9 mean| 
 []


Overfull \hbox (3.17818pt too wide) in paragraph at lines 159--159
[]\OT1/ptm/m/n/9 50.94| 
 []


Overfull \hbox (3.17818pt too wide) in paragraph at lines 159--159
[]\OT1/ptm/m/n/9 44.41| 
 []


Overfull \hbox (3.17818pt too wide) in paragraph at lines 159--159
[]\OT1/ptm/m/n/9 42.17| 
 []


Overfull \hbox (3.17818pt too wide) in paragraph at lines 159--159
[]\OT1/ptm/m/n/9 48.57| 
 []


Overfull \hbox (3.17818pt too wide) in paragraph at lines 159--159
[]\OT1/ptm/m/n/9 39.21| 
 []


Overfull \hbox (3.17818pt too wide) in paragraph at lines 159--160
[]\OT1/ptm/m/n/9 37.80| 
 []


Overfull \hbox (3.17818pt too wide) in paragraph at lines 160--160
[]\OT1/ptm/m/n/9 27.54| 
 []


Overfull \hbox (3.17818pt too wide) in paragraph at lines 160--160
[]\OT1/ptm/m/n/9 30.68| 
 []


Overfull \hbox (3.17818pt too wide) in paragraph at lines 160--160
[]\OT1/ptm/m/n/9 26.28| 
 []


Overfull \hbox (3.17818pt too wide) in paragraph at lines 160--160
[]\OT1/ptm/m/n/9 27.31| 
 []


Overfull \hbox (3.17818pt too wide) in paragraph at lines 160--160
[]\OT1/ptm/m/n/9 30.11| 
 []


Overfull \hbox (3.17818pt too wide) in paragraph at lines 160--161
[]\OT1/ptm/m/n/9 26.84| 
 []


Overfull \hbox (5.26743pt too wide) in paragraph at lines 166--166
[]\OT1/ptm/m/n/9 mean| 
 []


Overfull \hbox (3.17818pt too wide) in paragraph at lines 166--166
[]\OT1/ptm/m/n/9 57.42| 
 []


Overfull \hbox (3.17818pt too wide) in paragraph at lines 166--166
[]\OT1/ptm/m/n/9 49.95| 
 []


Overfull \hbox (3.17818pt too wide) in paragraph at lines 166--166
[]\OT1/ptm/m/n/9 47.00| 
 []


Overfull \hbox (3.17818pt too wide) in paragraph at lines 166--166
[]\OT1/ptm/m/n/9 52.55| 
 []


Overfull \hbox (3.17818pt too wide) in paragraph at lines 166--166
[]\OT1/ptm/m/n/9 41.04| 
 []


Overfull \hbox (3.17818pt too wide) in paragraph at lines 166--167
[]\OT1/ptm/m/n/9 39.25| 
 []


Overfull \hbox (3.17818pt too wide) in paragraph at lines 167--167
[]\OT1/ptm/m/n/9 29.63| 
 []


Overfull \hbox (3.17818pt too wide) in paragraph at lines 167--167
[]\OT1/ptm/m/n/9 31.23| 
 []


Overfull \hbox (3.17818pt too wide) in paragraph at lines 167--167
[]\OT1/ptm/m/n/9 26.91| 
 []


Overfull \hbox (3.17818pt too wide) in paragraph at lines 167--167
[]\OT1/ptm/m/n/9 27.45| 
 []


Overfull \hbox (3.17818pt too wide) in paragraph at lines 167--167
[]\OT1/ptm/m/n/9 26.18| 
 []


Overfull \hbox (3.17818pt too wide) in paragraph at lines 167--168
[]\OT1/ptm/m/n/9 24.38| 
 []

<./image/annotator.png, id=102, 462.528pt x 284.05252pt>
File: ./image/annotator.png Graphic file (type png)
<use ./image/annotator.png>
Package pdftex.def Info: ./image/annotator.png  used on input line 184.
(pdftex.def)             Requested size: 227.62204pt x 139.78941pt.

Overfull \hbox (8.53592pt too wide) in paragraph at lines 184--185
[][] 
 []


LaTeX Warning: `!h' float specifier changed to `!ht'.

[3]
Overfull \hbox (1.04004pt too wide) in paragraph at lines 200--200
[]\OT1/ptm/m/n/9 Guided-
 []


Overfull \hbox (7.04308pt too wide) in paragraph at lines 200--200
\OT1/ptm/m/n/9 Unguided| 
 []


Overfull \hbox (1.04004pt too wide) in paragraph at lines 205--205
[]\OT1/ptm/m/n/9 Guided-
 []


Overfull \hbox (7.04308pt too wide) in paragraph at lines 205--205
\OT1/ptm/m/n/9 Unguided| 
 []

Missing character: There is no ‚ in font ptmr7t!
Missing character: There is no Ä in font ptmr7t!
Missing character: There is no ú in font ptmr7t!
Missing character: There is no ‚ in font ptmr7t!
Missing character: There is no Ä in font ptmr7t!
Missing character: There is no ù in font ptmr7t!
Missing character: There is no ‚ in font ptmr7t!
Missing character: There is no Ä in font ptmr7t!
Missing character: There is no ú in font ptmr7t!
Missing character: There is no ‚ in font ptmr7t!
Missing character: There is no Ä in font ptmr7t!
Missing character: There is no ù in font ptmr7t!
Missing character: There is no ‚ in font ptmr7t!
Missing character: There is no Ä in font ptmr7t!
Missing character: There is no ú in font ptmr7t!
Missing character: There is no ‚ in font ptmr7t!
Missing character: There is no Ä in font ptmr7t!
Missing character: There is no ù in font ptmr7t!
Missing character: There is no ‚ in font ptmr7t!
Missing character: There is no Ä in font ptmr7t!
Missing character: There is no ú in font ptmr7t!
Missing character: There is no ‚ in font ptmr7t!
Missing character: There is no Ä in font ptmr7t!
Missing character: There is no ù in font ptmr7t!
Missing character: There is no ‚ in font ptmr7t!
Missing character: There is no Ä in font ptmr7t!
Missing character: There is no ú in font ptmr7t!
Missing character: There is no ‚ in font ptmr7t!
Missing character: There is no Ä in font ptmr7t!
Missing character: There is no ù in font ptmr7t!
Missing character: There is no ‚ in font ptmr7t!
Missing character: There is no Ä in font ptmr7t!
Missing character: There is no ú in font ptmr7t!
Missing character: There is no ‚ in font ptmr7t!
Missing character: There is no Ä in font ptmr7t!
Missing character: There is no ù in font ptmr7t!

Overfull \hbox (1.04004pt too wide) in paragraph at lines 248--248
[]\OT1/ptm/m/n/9 Guided-
 []


Overfull \hbox (7.04308pt too wide) in paragraph at lines 248--248
\OT1/ptm/m/n/9 Unguided| 
 []


Overfull \hbox (1.04004pt too wide) in paragraph at lines 253--253
[]\OT1/ptm/m/n/9 Guided-
 []


Overfull \hbox (7.04308pt too wide) in paragraph at lines 253--253
\OT1/ptm/m/n/9 Unguided| 
 []

[4 <./image/annotator.png (PNG copy)>] (/home/acp16hh/Projects/Research/Experiments/Exp_Elly_Human_Evaluation/Paper/ACL-2019-Hardy-/acl2019.bbl) [5]
Package atveryend Info: Empty hook `BeforeClearDocument' on input line 305.
 [6

]
Package atveryend Info: Empty hook `AfterLastShipout' on input line 305.
 (/home/acp16hh/Projects/Research/Experiments/Exp_Elly_Human_Evaluation/Paper/ACL-2019-Hardy-/acl2019.aux)
Package atveryend Info: Executing hook `AtVeryEndDocument' on input line 305.
Package atveryend Info: Executing hook `AtEndAfterFileList' on input line 305.
Package rerunfilecheck Info: File `acl2019.out' has not changed.
(rerunfilecheck)             Checksum: D41D8CD98F00B204E9800998ECF8427E;0.
Package atveryend Info: Empty hook `AtVeryVeryEnd' on input line 305.
 )
(\end occurred when \iffalse on line 351 was incomplete) 
Here is how much of TeX's memory you used:
 7472 strings out of 492982
 112723 string characters out of 6134897
 221393 words of memory out of 5000000
 10904 multiletter control sequences out of 15000+600000
 28703 words of font info for 63 fonts, out of 8000000 for 9000
 1141 hyphenation exceptions out of 8191
 43i,12n,40p,1102b,332s stack positions out of 5000i,500n,10000p,200000b,80000s
{/usr/share/texlive/texmf-dist/fonts/enc/dvips/base/8r.enc}</usr/share/texlive/texmf-dist/fonts/type1/public/amsfonts/cm/cmmi10.pfb></usr/share/texlive/texmf-dist/fonts/type1/public/amsfonts/cm/cmmi8.pfb></usr/share/texlive/texmf-dist/fonts/type1/public/amsfonts/cm/cmmi9.pfb></usr/share/texlive/texmf-dist/fonts/type1/public/amsfonts/cm/cmr10.pfb></usr/share/texlive/texmf-dist/fonts/type1/public/amsfonts/cm/cmr8.pfb></usr/share/texlive/texmf-dist/fonts/type1/public/amsfonts/cm/cmr9.pfb></usr/share/texlive/texmf-dist/fonts/type1/urw/courier/ucrr8a.pfb></usr/share/texlive/texmf-dist/fonts/type1/urw/helvetic/uhvb8a.pfb></usr/share/texlive/texmf-dist/fonts/type1/urw/times/utmb8a.pfb></usr/share/texlive/texmf-dist/fonts/type1/urw/times/utmr8a.pfb></usr/share/texlive/texmf-dist/fonts/type1/urw/times/utmri8a.pfb>
Output written on /home/acp16hh/Projects/Research/Experiments/Exp_Elly_Human_Evaluation/Paper/ACL-2019-Hardy-/acl2019.pdf (6 pages, 168291 bytes).
PDF statistics:
 277 PDF objects out of 1000 (max. 8388607)
 254 compressed objects within 3 object streams
 59 named destinations out of 1000 (max. 500000)
 6 words of extra memory for PDF output out of 10000 (max. 10000000)

